<?xml version="1.0" encoding="UTF-8"?>
<testng-results ignored="0" total="2" passed="2" failed="0" skipped="0">
  <reporter-output>
  </reporter-output>
  <suite started-at="2025-09-06T12:13:56 IST" name="Default suite" finished-at="2025-09-06T12:14:39 IST" duration-ms="43112">
    <groups>
      <group name="cucumber">
        <method signature="AbstractTestNGCucumberTests.runScenario(io.cucumber.testng.PickleWrapper,io.cucumber.testng.FeatureWrapper)[pri:0, instance:runner.TestRunner@3d34d211]" name="runScenario" class="io.cucumber.testng.AbstractTestNGCucumberTests"/>
      </group> <!-- cucumber -->
    </groups>
    <test started-at="2025-09-06T12:13:56 IST" name="Default test" finished-at="2025-09-06T12:14:39 IST" duration-ms="43112">
      <class name="runner.TestRunner">
        <test-method is-config="true" signature="setUpClass(org.testng.ITestContext)[pri:0, instance:runner.TestRunner@3d34d211]" started-at="2025-09-06T12:13:56 IST" name="setUpClass" finished-at="2025-09-06T12:13:57 IST" duration-ms="599" status="PASS">
          <params>
            <param index="0">
              <value>
                <![CDATA[org.testng.TestRunner@4086d8fb]]>
              </value>
            </param>
          </params>
          <reporter-output>
          </reporter-output>
        </test-method> <!-- setUpClass -->
        <test-method signature="runScenario(io.cucumber.testng.PickleWrapper,io.cucumber.testng.FeatureWrapper)[pri:0, instance:runner.TestRunner@3d34d211]" started-at="2025-09-06T12:13:57 IST" name="runScenario" description="Runs Cucumber Scenarios" data-provider="scenarios" finished-at="2025-09-06T12:14:18 IST" duration-ms="20654" status="PASS">
          <params>
            <param index="0">
              <value>
                <![CDATA["TS_01_TC_Positive - Launch website successfully in different browsers"]]>
              </value>
            </param>
            <param index="1">
              <value>
                <![CDATA["Story 1 - Launch Website"]]>
              </value>
            </param>
          </params>
          <reporter-output>
          </reporter-output>
        </test-method> <!-- runScenario -->
        <test-method signature="runScenario(io.cucumber.testng.PickleWrapper,io.cucumber.testng.FeatureWrapper)[pri:0, instance:runner.TestRunner@3d34d211]" started-at="2025-09-06T12:14:18 IST" name="runScenario" description="Runs Cucumber Scenarios" data-provider="scenarios" finished-at="2025-09-06T12:14:39 IST" duration-ms="21237" status="PASS">
          <params>
            <param index="0">
              <value>
                <![CDATA["TS_02_TC_Negative - Website launch failure in different browsers"]]>
              </value>
            </param>
            <param index="1">
              <value>
                <![CDATA["Story 1 - Launch Website"]]>
              </value>
            </param>
          </params>
          <reporter-output>
          </reporter-output>
        </test-method> <!-- runScenario -->
        <test-method is-config="true" signature="tearDownClass()[pri:0, instance:runner.TestRunner@3d34d211]" started-at="2025-09-06T12:14:39 IST" name="tearDownClass" finished-at="2025-09-06T12:14:39 IST" duration-ms="581" status="PASS">
          <reporter-output>
          </reporter-output>
        </test-method> <!-- tearDownClass -->
      </class> <!-- runner.TestRunner -->
    </test> <!-- Default test -->
  </suite> <!-- Default suite -->
</testng-results>
