<?xml version="1.0" encoding="UTF-8"?>
<testng-results ignored="0" total="8" passed="8" failed="0" skipped="0">
  <reporter-output>
  </reporter-output>
  <suite started-at="2025-09-13T13:59:44 IST" name="Default suite" finished-at="2025-09-13T14:03:04 IST" duration-ms="199135">
    <groups>
      <group name="cucumber">
        <method signature="AbstractTestNGCucumberTests.runScenario(io.cucumber.testng.PickleWrapper,io.cucumber.testng.FeatureWrapper)[pri:0, instance:runner.TestRunner@2002fc1d]" name="runScenario" class="io.cucumber.testng.AbstractTestNGCucumberTests"/>
      </group> <!-- cucumber -->
    </groups>
    <test started-at="2025-09-13T13:59:44 IST" name="Default test" finished-at="2025-09-13T14:03:04 IST" duration-ms="199135">
      <class name="runner.TestRunner">
        <test-method is-config="true" signature="setUpClass(org.testng.ITestContext)[pri:0, instance:runner.TestRunner@2002fc1d]" started-at="2025-09-13T13:59:44 IST" name="setUpClass" finished-at="2025-09-13T13:59:46 IST" duration-ms="1318" status="PASS">
          <params>
            <param index="0">
              <value>
                <![CDATA[org.testng.TestRunner@2f60e66a]]>
              </value>
            </param>
          </params>
          <reporter-output>
          </reporter-output>
        </test-method> <!-- setUpClass -->
        <test-method signature="runScenario(io.cucumber.testng.PickleWrapper,io.cucumber.testng.FeatureWrapper)[pri:0, instance:runner.TestRunner@2002fc1d]" started-at="2025-09-13T13:59:46 IST" name="runScenario" description="Runs Cucumber Scenarios" data-provider="scenarios" finished-at="2025-09-13T13:59:49 IST" duration-ms="3389" status="PASS">
          <params>
            <param index="0">
              <value>
                <![CDATA["TS_02_TC_Negative - Website launch failure in different browsers"]]>
              </value>
            </param>
            <param index="1">
              <value>
                <![CDATA["Launch Website Negative Scenario"]]>
              </value>
            </param>
          </params>
          <reporter-output>
          </reporter-output>
        </test-method> <!-- runScenario -->
        <test-method signature="runScenario(io.cucumber.testng.PickleWrapper,io.cucumber.testng.FeatureWrapper)[pri:0, instance:runner.TestRunner@2002fc1d]" started-at="2025-09-13T13:59:49 IST" name="runScenario" description="Runs Cucumber Scenarios" data-provider="scenarios" finished-at="2025-09-13T13:59:53 IST" duration-ms="3386" status="PASS">
          <params>
            <param index="0">
              <value>
                <![CDATA["TS_01_TC_Positive - Launch website successfully in different browsers"]]>
              </value>
            </param>
            <param index="1">
              <value>
                <![CDATA["Story 1 - Launch Website"]]>
              </value>
            </param>
          </params>
          <reporter-output>
          </reporter-output>
        </test-method> <!-- runScenario -->
        <test-method signature="runScenario(io.cucumber.testng.PickleWrapper,io.cucumber.testng.FeatureWrapper)[pri:0, instance:runner.TestRunner@2002fc1d]" started-at="2025-09-13T13:59:53 IST" name="runScenario" description="Runs Cucumber Scenarios" data-provider="scenarios" finished-at="2025-09-13T14:00:36 IST" duration-ms="43237" status="PASS">
          <params>
            <param index="0">
              <value>
                <![CDATA["TS_04_TC_Negative - User login with invalid credentials"]]>
              </value>
            </param>
            <param index="1">
              <value>
                <![CDATA["Story 2 - loginnegative scenarios"]]>
              </value>
            </param>
          </params>
          <reporter-output>
          </reporter-output>
        </test-method> <!-- runScenario -->
        <test-method signature="runScenario(io.cucumber.testng.PickleWrapper,io.cucumber.testng.FeatureWrapper)[pri:0, instance:runner.TestRunner@2002fc1d]" started-at="2025-09-13T14:00:36 IST" name="runScenario" description="Runs Cucumber Scenarios" data-provider="scenarios" finished-at="2025-09-13T14:01:26 IST" duration-ms="49850" status="PASS">
          <params>
            <param index="0">
              <value>
                <![CDATA["TS_03_TC_Positive - User login with valid credentials"]]>
              </value>
            </param>
            <param index="1">
              <value>
                <![CDATA["Story 2 - login Website"]]>
              </value>
            </param>
          </params>
          <reporter-output>
          </reporter-output>
        </test-method> <!-- runScenario -->
        <test-method signature="runScenario(io.cucumber.testng.PickleWrapper,io.cucumber.testng.FeatureWrapper)[pri:0, instance:runner.TestRunner@2002fc1d]" started-at="2025-09-13T14:01:26 IST" name="runScenario" description="Runs Cucumber Scenarios" data-provider="scenarios" finished-at="2025-09-13T14:02:02 IST" duration-ms="36114" status="PASS">
          <params>
            <param index="0">
              <value>
                <![CDATA["Enter the basic details without any offers like a normal person"]]>
              </value>
            </param>
            <param index="1">
              <value>
                <![CDATA["Search flight as a normal person"]]>
              </value>
            </param>
          </params>
          <reporter-output>
          </reporter-output>
        </test-method> <!-- runScenario -->
        <test-method signature="runScenario(io.cucumber.testng.PickleWrapper,io.cucumber.testng.FeatureWrapper)[pri:0, instance:runner.TestRunner@2002fc1d]" started-at="2025-09-13T14:02:02 IST" name="runScenario" description="Runs Cucumber Scenarios" data-provider="scenarios" finished-at="2025-09-13T14:02:22 IST" duration-ms="20153" status="PASS">
          <params>
            <param index="0">
              <value>
                <![CDATA["Enter the basic details with student offers"]]>
              </value>
            </param>
            <param index="1">
              <value>
                <![CDATA["Search flight as a normal person"]]>
              </value>
            </param>
          </params>
          <reporter-output>
          </reporter-output>
        </test-method> <!-- runScenario -->
        <test-method signature="runScenario(io.cucumber.testng.PickleWrapper,io.cucumber.testng.FeatureWrapper)[pri:0, instance:runner.TestRunner@2002fc1d]" started-at="2025-09-13T14:02:22 IST" name="runScenario" description="Runs Cucumber Scenarios" data-provider="scenarios" finished-at="2025-09-13T14:02:42 IST" duration-ms="19745" status="PASS">
          <params>
            <param index="0">
              <value>
                <![CDATA["Enter the basic details with senior citizen offers"]]>
              </value>
            </param>
            <param index="1">
              <value>
                <![CDATA["Search flight as a normal person"]]>
              </value>
            </param>
          </params>
          <reporter-output>
          </reporter-output>
        </test-method> <!-- runScenario -->
        <test-method signature="runScenario(io.cucumber.testng.PickleWrapper,io.cucumber.testng.FeatureWrapper)[pri:0, instance:runner.TestRunner@2002fc1d]" started-at="2025-09-13T14:02:42 IST" name="runScenario" description="Runs Cucumber Scenarios" data-provider="scenarios" finished-at="2025-09-13T14:03:03 IST" duration-ms="21457" status="PASS">
          <params>
            <param index="0">
              <value>
                <![CDATA["Enter the basic details with armedforces offers"]]>
              </value>
            </param>
            <param index="1">
              <value>
                <![CDATA["Search flight as a normal person"]]>
              </value>
            </param>
          </params>
          <reporter-output>
          </reporter-output>
        </test-method> <!-- runScenario -->
        <test-method is-config="true" signature="tearDownClass()[pri:0, instance:runner.TestRunner@2002fc1d]" started-at="2025-09-13T14:03:03 IST" name="tearDownClass" finished-at="2025-09-13T14:03:04 IST" duration-ms="407" status="PASS">
          <reporter-output>
          </reporter-output>
        </test-method> <!-- tearDownClass -->
      </class> <!-- runner.TestRunner -->
    </test> <!-- Default test -->
  </suite> <!-- Default suite -->
</testng-results>
